2014-11-05 21:42:37 8216 [Note] Plugin 'FEDERATED' is disabled.
2014-11-05 21:42:37 8216 [Note] InnoDB: Using atomics to ref count buffer pool pages
2014-11-05 21:42:37 8216 [Note] InnoDB: The InnoDB memory heap is disabled
2014-11-05 21:42:37 8216 [Note] InnoDB: Mutexes and rw_locks use Windows interlocked functions
2014-11-05 21:42:37 8216 [Note] InnoDB: Compressed tables use zlib 1.2.3
2014-11-05 21:42:37 8216 [Note] InnoDB: Not using CPU crc32 instructions
2014-11-05 21:42:37 8216 [Note] InnoDB: Initializing buffer pool, size = 128.0M
2014-11-05 21:42:37 8216 [Note] InnoDB: Completed initialization of buffer pool
2014-11-05 21:42:38 8216 [Note] InnoDB: Highest supported file format is Barracuda.
2014-11-05 21:42:38 8216 [Note] InnoDB: 128 rollback segment(s) are active.
2014-11-05 21:42:38 8216 [Note] InnoDB: Waiting for purge to start
2014-11-05 21:42:38 8216 [Note] InnoDB: 5.6.17 started; log sequence number 1625977
2014-11-05 21:42:38 8216 [Warning] No existing UUID has been found, so we assume that this is the first time that this server has been started. Generating a new UUID: 9255bb29-655e-11e4-9d34-0090f5d29cb5.
2014-11-05 21:42:38 8216 [Note] Server hostname (bind-address): '*'; port: 3306
2014-11-05 21:42:38 8216 [Note] IPv6 is available.
2014-11-05 21:42:38 8216 [Note]   - '::' resolves to '::';
2014-11-05 21:42:38 8216 [Note] Server socket created on IP: '::'.
2014-11-05 21:42:38 8216 [Note] Event Scheduler: Loaded 0 events
2014-11-05 21:42:38 8216 [Note] wampmysqld64: ready for connections.
Version: '5.6.17'  socket: ''  port: 3306  MySQL Community Server (GPL)
2014-11-05 21:46:35 8216 [Note] wampmysqld64: Normal shutdown

2014-11-05 21:46:35 8216 [Note] Giving 0 client threads a chance to die gracefully
2014-11-05 21:46:35 8216 [Note] Event Scheduler: Purging the queue. 0 events
2014-11-05 21:46:35 8216 [Note] Shutting down slave threads
2014-11-05 21:46:35 8216 [Note] Forcefully disconnecting 0 remaining clients
2014-11-05 21:46:35 8216 [Note] Binlog end
2014-11-05 21:46:35 8216 [Note] Shutting down plugin 'partition'
2014-11-05 21:46:35 8216 [Note] Shutting down plugin 'PERFORMANCE_SCHEMA'
2014-11-05 21:46:35 8216 [Note] Shutting down plugin 'INNODB_SYS_DATAFILES'
2014-11-05 21:46:35 8216 [Note] Shutting down plugin 'INNODB_SYS_TABLESPACES'
2014-11-05 21:46:35 8216 [Note] Shutting down plugin 'INNODB_SYS_FOREIGN_COLS'
2014-11-05 21:46:35 8216 [Note] Shutting down plugin 'INNODB_SYS_FOREIGN'
2014-11-05 21:46:35 8216 [Note] Shutting down plugin 'INNODB_SYS_FIELDS'
2014-11-05 21:46:35 8216 [Note] Shutting down plugin 'INNODB_SYS_COLUMNS'
2014-11-05 21:46:35 8216 [Note] Shutting down plugin 'INNODB_SYS_INDEXES'
2014-11-05 21:46:35 8216 [Note] Shutting down plugin 'INNODB_SYS_TABLESTATS'
2014-11-05 21:46:35 8216 [Note] Shutting down plugin 'INNODB_SYS_TABLES'
2014-11-05 21:46:35 8216 [Note] Shutting down plugin 'INNODB_FT_INDEX_TABLE'
2014-11-05 21:46:35 8216 [Note] Shutting down plugin 'INNODB_FT_INDEX_CACHE'
2014-11-05 21:46:35 8216 [Note] Shutting down plugin 'INNODB_FT_CONFIG'
2014-11-05 21:46:35 8216 [Note] Shutting down plugin 'INNODB_FT_BEING_DELETED'
2014-11-05 21:46:35 8216 [Note] Shutting down plugin 'INNODB_FT_DELETED'
2014-11-05 21:46:35 8216 [Note] Shutting down plugin 'INNODB_FT_DEFAULT_STOPWORD'
2014-11-05 21:46:35 8216 [Note] Shutting down plugin 'INNODB_METRICS'
2014-11-05 21:46:35 8216 [Note] Shutting down plugin 'INNODB_BUFFER_POOL_STATS'
2014-11-05 21:46:35 8216 [Note] Shutting down plugin 'INNODB_BUFFER_PAGE_LRU'
2014-11-05 21:46:35 8216 [Note] Shutting down plugin 'INNODB_BUFFER_PAGE'
2014-11-05 21:46:35 8216 [Note] Shutting down plugin 'INNODB_CMP_PER_INDEX_RESET'
2014-11-05 21:46:35 8216 [Note] Shutting down plugin 'INNODB_CMP_PER_INDEX'
2014-11-05 21:46:35 8216 [Note] Shutting down plugin 'INNODB_CMPMEM_RESET'
2014-11-05 21:46:35 8216 [Note] Shutting down plugin 'INNODB_CMPMEM'
2014-11-05 21:46:35 8216 [Note] Shutting down plugin 'INNODB_CMP_RESET'
2014-11-05 21:46:35 8216 [Note] Shutting down plugin 'INNODB_CMP'
2014-11-05 21:46:35 8216 [Note] Shutting down plugin 'INNODB_LOCK_WAITS'
2014-11-05 21:46:35 8216 [Note] Shutting down plugin 'INNODB_LOCKS'
2014-11-05 21:46:35 8216 [Note] Shutting down plugin 'INNODB_TRX'
2014-11-05 21:46:35 8216 [Note] Shutting down plugin 'InnoDB'
2014-11-05 21:46:35 8216 [Note] InnoDB: FTS optimize thread exiting.
2014-11-05 21:46:35 8216 [Note] InnoDB: Starting shutdown...
2014-11-05 21:46:36 8216 [Note] InnoDB: Shutdown completed; log sequence number 1625987
2014-11-05 21:46:36 8216 [Note] Shutting down plugin 'BLACKHOLE'
2014-11-05 21:46:36 8216 [Note] Shutting down plugin 'ARCHIVE'
2014-11-05 21:46:36 8216 [Note] Shutting down plugin 'MRG_MYISAM'
2014-11-05 21:46:36 8216 [Note] Shutting down plugin 'MyISAM'
2014-11-05 21:46:36 8216 [Note] Shutting down plugin 'MEMORY'
2014-11-05 21:46:36 8216 [Note] Shutting down plugin 'CSV'
2014-11-05 21:46:36 8216 [Note] Shutting down plugin 'sha256_password'
2014-11-05 21:46:36 8216 [Note] Shutting down plugin 'mysql_old_password'
2014-11-05 21:46:36 8216 [Note] Shutting down plugin 'mysql_native_password'
2014-11-05 21:46:36 8216 [Note] Shutting down plugin 'binlog'
2014-11-05 21:46:36 8216 [Note] wampmysqld64: Shutdown complete

2014-11-05 21:46:39 7940 [Note] Plugin 'FEDERATED' is disabled.
2014-11-05 21:46:39 7940 [Note] InnoDB: Using atomics to ref count buffer pool pages
2014-11-05 21:46:39 7940 [Note] InnoDB: The InnoDB memory heap is disabled
2014-11-05 21:46:39 7940 [Note] InnoDB: Mutexes and rw_locks use Windows interlocked functions
2014-11-05 21:46:39 7940 [Note] InnoDB: Compressed tables use zlib 1.2.3
2014-11-05 21:46:39 7940 [Note] InnoDB: Not using CPU crc32 instructions
2014-11-05 21:46:39 7940 [Note] InnoDB: Initializing buffer pool, size = 128.0M
2014-11-05 21:46:39 7940 [Note] InnoDB: Completed initialization of buffer pool
2014-11-05 21:46:39 7940 [Note] InnoDB: Highest supported file format is Barracuda.
2014-11-05 21:46:39 7940 [Note] InnoDB: 128 rollback segment(s) are active.
2014-11-05 21:46:40 7940 [Note] InnoDB: Waiting for purge to start
2014-11-05 21:46:40 7940 [Note] InnoDB: 5.6.17 started; log sequence number 1625987
2014-11-05 21:46:40 7940 [Note] Server hostname (bind-address): '*'; port: 3306
2014-11-05 21:46:40 7940 [Note] IPv6 is available.
2014-11-05 21:46:40 7940 [Note]   - '::' resolves to '::';
2014-11-05 21:46:40 7940 [Note] Server socket created on IP: '::'.
2014-11-05 21:46:40 7940 [Note] Event Scheduler: Loaded 0 events
2014-11-05 21:46:40 7940 [Note] wampmysqld64: ready for connections.
Version: '5.6.17'  socket: ''  port: 3306  MySQL Community Server (GPL)
2014-11-06 07:41:21 7940 [Note] wampmysqld64: Normal shutdown

2014-11-06 07:41:22 7940 [Note] Giving 0 client threads a chance to die gracefully
2014-11-06 07:41:22 7940 [Note] Event Scheduler: Purging the queue. 0 events
2014-11-06 07:41:22 7940 [Note] Shutting down slave threads
2014-11-06 07:41:23 7940 [Note] Forcefully disconnecting 0 remaining clients
2014-11-06 07:41:24 7940 [Note] Binlog end
2014-11-06 07:41:36 7940 [Note] Shutting down plugin 'partition'
2014-11-06 07:41:36 7940 [Note] Shutting down plugin 'PERFORMANCE_SCHEMA'
2014-11-06 07:41:36 7940 [Note] Shutting down plugin 'INNODB_SYS_DATAFILES'
2014-11-06 07:41:36 7940 [Note] Shutting down plugin 'INNODB_SYS_TABLESPACES'
2014-11-06 07:41:36 7940 [Note] Shutting down plugin 'INNODB_SYS_FOREIGN_COLS'
2014-11-06 07:41:36 7940 [Note] Shutting down plugin 'INNODB_SYS_FOREIGN'
2014-11-06 07:41:36 7940 [Note] Shutting down plugin 'INNODB_SYS_FIELDS'
2014-11-06 07:41:36 7940 [Note] Shutting down plugin 'INNODB_SYS_COLUMNS'
2014-11-06 07:41:36 7940 [Note] Shutting down plugin 'INNODB_SYS_INDEXES'
2014-11-06 07:41:36 7940 [Note] Shutting down plugin 'INNODB_SYS_TABLESTATS'
2014-11-06 07:41:36 7940 [Note] Shutting down plugin 'INNODB_SYS_TABLES'
2014-11-06 07:41:36 7940 [Note] Shutting down plugin 'INNODB_FT_INDEX_TABLE'
2014-11-06 07:41:36 7940 [Note] Shutting down plugin 'INNODB_FT_INDEX_CACHE'
2014-11-06 07:41:36 7940 [Note] Shutting down plugin 'INNODB_FT_CONFIG'
2014-11-06 07:41:36 7940 [Note] Shutting down plugin 'INNODB_FT_BEING_DELETED'
2014-11-06 07:41:36 7940 [Note] Shutting down plugin 'INNODB_FT_DELETED'
2014-11-06 07:41:36 7940 [Note] Shutting down plugin 'INNODB_FT_DEFAULT_STOPWORD'
2014-11-06 07:41:36 7940 [Note] Shutting down plugin 'INNODB_METRICS'
2014-11-06 07:41:36 7940 [Note] Shutting down plugin 'INNODB_BUFFER_POOL_STATS'
2014-11-06 07:41:36 7940 [Note] Shutting down plugin 'INNODB_BUFFER_PAGE_LRU'
2014-11-06 07:41:36 7940 [Note] Shutting down plugin 'INNODB_BUFFER_PAGE'
2014-11-06 07:41:36 7940 [Note] Shutting down plugin 'INNODB_CMP_PER_INDEX_RESET'
2014-11-06 07:41:36 7940 [Note] Shutting down plugin 'INNODB_CMP_PER_INDEX'
2014-11-06 07:41:36 7940 [Note] Shutting down plugin 'INNODB_CMPMEM_RESET'
2014-11-06 07:41:36 7940 [Note] Shutting down plugin 'INNODB_CMPMEM'
2014-11-06 07:41:36 7940 [Note] Shutting down plugin 'INNODB_CMP_RESET'
2014-11-06 07:41:36 7940 [Note] Shutting down plugin 'INNODB_CMP'
2014-11-06 07:41:36 7940 [Note] Shutting down plugin 'INNODB_LOCK_WAITS'
2014-11-06 07:41:36 7940 [Note] Shutting down plugin 'INNODB_LOCKS'
2014-11-06 07:41:36 7940 [Note] Shutting down plugin 'INNODB_TRX'
2014-11-06 07:41:36 7940 [Note] Shutting down plugin 'InnoDB'
2014-11-06 07:41:37 7940 [Note] InnoDB: FTS optimize thread exiting.
2014-11-06 07:41:37 7940 [Note] InnoDB: Starting shutdown...
2014-11-06 07:41:39 7940 [Note] InnoDB: Shutdown completed; log sequence number 1625997
2014-11-06 07:41:39 7940 [Note] Shutting down plugin 'BLACKHOLE'
2014-11-06 07:41:39 7940 [Note] Shutting down plugin 'ARCHIVE'
2014-11-06 07:41:39 7940 [Note] Shutting down plugin 'MRG_MYISAM'
2014-11-06 07:41:39 7940 [Note] Shutting down plugin 'MyISAM'
2014-11-06 07:41:39 7940 [Note] Shutting down plugin 'MEMORY'
2014-11-06 07:41:39 7940 [Note] Shutting down plugin 'CSV'
2014-11-06 07:41:39 7940 [Note] Shutting down plugin 'sha256_password'
2014-11-06 07:41:39 7940 [Note] Shutting down plugin 'mysql_old_password'
2014-11-06 07:41:39 7940 [Note] Shutting down plugin 'mysql_native_password'
2014-11-06 07:41:39 7940 [Note] Shutting down plugin 'binlog'
2014-11-06 07:41:39 7940 [Note] wampmysqld64: Shutdown complete

2014-11-09 20:24:37 32840 [Note] Plugin 'FEDERATED' is disabled.
2014-11-09 20:24:37 32840 [Note] InnoDB: Using atomics to ref count buffer pool pages
2014-11-09 20:24:37 32840 [Note] InnoDB: The InnoDB memory heap is disabled
2014-11-09 20:24:37 32840 [Note] InnoDB: Mutexes and rw_locks use Windows interlocked functions
2014-11-09 20:24:37 32840 [Note] InnoDB: Compressed tables use zlib 1.2.3
2014-11-09 20:24:37 32840 [Note] InnoDB: Not using CPU crc32 instructions
2014-11-09 20:24:37 32840 [Note] InnoDB: Initializing buffer pool, size = 128.0M
2014-11-09 20:24:37 32840 [Note] InnoDB: Completed initialization of buffer pool
2014-11-09 20:24:37 32840 [Note] InnoDB: Highest supported file format is Barracuda.
2014-11-09 20:24:38 32840 [Note] InnoDB: 128 rollback segment(s) are active.
2014-11-09 20:24:38 32840 [Note] InnoDB: Waiting for purge to start
2014-11-09 20:24:38 32840 [Note] InnoDB: 5.6.17 started; log sequence number 1625997
2014-11-09 20:24:38 32840 [Note] Server hostname (bind-address): '*'; port: 3306
2014-11-09 20:24:38 32840 [Note] IPv6 is available.
2014-11-09 20:24:38 32840 [Note]   - '::' resolves to '::';
2014-11-09 20:24:38 32840 [Note] Server socket created on IP: '::'.
2014-11-09 20:24:40 32840 [Note] Event Scheduler: Loaded 0 events
2014-11-09 20:24:40 32840 [Note] wampmysqld64: ready for connections.
Version: '5.6.17'  socket: ''  port: 3306  MySQL Community Server (GPL)
2014-11-12 19:56:49 32840 [Note] wampmysqld64: Normal shutdown

2014-11-12 19:56:49 32840 [Note] Giving 0 client threads a chance to die gracefully
2014-11-12 19:56:49 32840 [Note] Event Scheduler: Purging the queue. 0 events
2014-11-12 19:56:49 32840 [Note] Shutting down slave threads
2014-11-12 19:56:49 32840 [Note] Forcefully disconnecting 0 remaining clients
2014-11-12 19:56:49 32840 [Note] Binlog end
2014-11-12 19:56:50 32840 [Note] Shutting down plugin 'partition'
2014-11-12 19:56:50 32840 [Note] Shutting down plugin 'PERFORMANCE_SCHEMA'
2014-11-12 19:56:50 32840 [Note] Shutting down plugin 'INNODB_SYS_DATAFILES'
2014-11-12 19:56:50 32840 [Note] Shutting down plugin 'INNODB_SYS_TABLESPACES'
2014-11-12 19:56:50 32840 [Note] Shutting down plugin 'INNODB_SYS_FOREIGN_COLS'
2014-11-12 19:56:50 32840 [Note] Shutting down plugin 'INNODB_SYS_FOREIGN'
2014-11-12 19:56:50 32840 [Note] Shutting down plugin 'INNODB_SYS_FIELDS'
2014-11-12 19:56:50 32840 [Note] Shutting down plugin 'INNODB_SYS_COLUMNS'
2014-11-12 19:56:50 32840 [Note] Shutting down plugin 'INNODB_SYS_INDEXES'
2014-11-12 19:56:50 32840 [Note] Shutting down plugin 'INNODB_SYS_TABLESTATS'
2014-11-12 19:56:50 32840 [Note] Shutting down plugin 'INNODB_SYS_TABLES'
2014-11-12 19:56:50 32840 [Note] Shutting down plugin 'INNODB_FT_INDEX_TABLE'
2014-11-12 19:56:50 32840 [Note] Shutting down plugin 'INNODB_FT_INDEX_CACHE'
2014-11-12 19:56:50 32840 [Note] Shutting down plugin 'INNODB_FT_CONFIG'
2014-11-12 19:56:50 32840 [Note] Shutting down plugin 'INNODB_FT_BEING_DELETED'
2014-11-12 19:56:50 32840 [Note] Shutting down plugin 'INNODB_FT_DELETED'
2014-11-12 19:56:50 32840 [Note] Shutting down plugin 'INNODB_FT_DEFAULT_STOPWORD'
2014-11-12 19:56:50 32840 [Note] Shutting down plugin 'INNODB_METRICS'
2014-11-12 19:56:50 32840 [Note] Shutting down plugin 'INNODB_BUFFER_POOL_STATS'
2014-11-12 19:56:50 32840 [Note] Shutting down plugin 'INNODB_BUFFER_PAGE_LRU'
2014-11-12 19:56:50 32840 [Note] Shutting down plugin 'INNODB_BUFFER_PAGE'
2014-11-12 19:56:50 32840 [Note] Shutting down plugin 'INNODB_CMP_PER_INDEX_RESET'
2014-11-12 19:56:50 32840 [Note] Shutting down plugin 'INNODB_CMP_PER_INDEX'
2014-11-12 19:56:50 32840 [Note] Shutting down plugin 'INNODB_CMPMEM_RESET'
2014-11-12 19:56:50 32840 [Note] Shutting down plugin 'INNODB_CMPMEM'
2014-11-12 19:56:50 32840 [Note] Shutting down plugin 'INNODB_CMP_RESET'
2014-11-12 19:56:50 32840 [Note] Shutting down plugin 'INNODB_CMP'
2014-11-12 19:56:50 32840 [Note] Shutting down plugin 'INNODB_LOCK_WAITS'
2014-11-12 19:56:50 32840 [Note] Shutting down plugin 'INNODB_LOCKS'
2014-11-12 19:56:50 32840 [Note] Shutting down plugin 'INNODB_TRX'
2014-11-12 19:56:50 32840 [Note] Shutting down plugin 'InnoDB'
2014-11-12 19:56:50 32840 [Note] InnoDB: FTS optimize thread exiting.
2014-11-12 19:56:50 32840 [Note] InnoDB: Starting shutdown...
2014-11-12 19:56:53 32840 [Note] InnoDB: Shutdown completed; log sequence number 1626007
2014-11-12 19:56:53 32840 [Note] Shutting down plugin 'BLACKHOLE'
2014-11-12 19:56:53 32840 [Note] Shutting down plugin 'ARCHIVE'
2014-11-12 19:56:53 32840 [Note] Shutting down plugin 'MRG_MYISAM'
2014-11-12 19:56:53 32840 [Note] Shutting down plugin 'MyISAM'
2014-11-12 19:56:53 32840 [Note] Shutting down plugin 'MEMORY'
2014-11-12 19:56:53 32840 [Note] Shutting down plugin 'CSV'
2014-11-12 19:56:53 32840 [Note] Shutting down plugin 'sha256_password'
2014-11-12 19:56:53 32840 [Note] Shutting down plugin 'mysql_old_password'
2014-11-12 19:56:53 32840 [Note] Shutting down plugin 'mysql_native_password'
2014-11-12 19:56:53 32840 [Note] Shutting down plugin 'binlog'
2014-11-12 19:56:53 32840 [Note] wampmysqld64: Shutdown complete

2014-11-16 15:56:57 16604 [Note] Plugin 'FEDERATED' is disabled.
2014-11-16 15:56:57 16604 [Note] InnoDB: Using atomics to ref count buffer pool pages
2014-11-16 15:56:57 16604 [Note] InnoDB: The InnoDB memory heap is disabled
2014-11-16 15:56:57 16604 [Note] InnoDB: Mutexes and rw_locks use Windows interlocked functions
2014-11-16 15:56:57 16604 [Note] InnoDB: Compressed tables use zlib 1.2.3
2014-11-16 15:56:57 16604 [Note] InnoDB: Not using CPU crc32 instructions
2014-11-16 15:56:57 16604 [Note] InnoDB: Initializing buffer pool, size = 128.0M
2014-11-16 15:56:57 16604 [Note] InnoDB: Completed initialization of buffer pool
2014-11-16 15:56:57 16604 [Note] InnoDB: Highest supported file format is Barracuda.
2014-11-16 15:56:58 16604 [Note] InnoDB: 128 rollback segment(s) are active.
2014-11-16 15:56:58 16604 [Note] InnoDB: Waiting for purge to start
2014-11-16 15:56:58 16604 [Note] InnoDB: 5.6.17 started; log sequence number 1626007
2014-11-16 15:56:58 16604 [Note] Server hostname (bind-address): '*'; port: 3306
2014-11-16 15:56:58 16604 [Note] IPv6 is available.
2014-11-16 15:56:58 16604 [Note]   - '::' resolves to '::';
2014-11-16 15:56:58 16604 [Note] Server socket created on IP: '::'.
2014-11-16 15:56:59 16604 [Note] Event Scheduler: Loaded 0 events
2014-11-16 15:56:59 16604 [Note] wampmysqld64: ready for connections.
Version: '5.6.17'  socket: ''  port: 3306  MySQL Community Server (GPL)
2014-11-17 20:30:59 16604 [Note] wampmysqld64: Normal shutdown

2014-11-17 20:30:59 16604 [Note] Giving 0 client threads a chance to die gracefully
2014-11-17 20:30:59 16604 [Note] Event Scheduler: Purging the queue. 0 events
2014-11-17 20:30:59 16604 [Note] Shutting down slave threads
2014-11-17 20:31:00 16604 [Note] Forcefully disconnecting 0 remaining clients
2014-11-17 20:31:00 16604 [Note] Binlog end
2014-11-17 20:31:00 16604 [Note] Shutting down plugin 'partition'
2014-11-17 20:31:00 16604 [Note] Shutting down plugin 'PERFORMANCE_SCHEMA'
2014-11-17 20:31:00 16604 [Note] Shutting down plugin 'INNODB_SYS_DATAFILES'
2014-11-17 20:31:00 16604 [Note] Shutting down plugin 'INNODB_SYS_TABLESPACES'
2014-11-17 20:31:00 16604 [Note] Shutting down plugin 'INNODB_SYS_FOREIGN_COLS'
2014-11-17 20:31:00 16604 [Note] Shutting down plugin 'INNODB_SYS_FOREIGN'
2014-11-17 20:31:00 16604 [Note] Shutting down plugin 'INNODB_SYS_FIELDS'
2014-11-17 20:31:00 16604 [Note] Shutting down plugin 'INNODB_SYS_COLUMNS'
2014-11-17 20:31:00 16604 [Note] Shutting down plugin 'INNODB_SYS_INDEXES'
2014-11-17 20:31:00 16604 [Note] Shutting down plugin 'INNODB_SYS_TABLESTATS'
2014-11-17 20:31:00 16604 [Note] Shutting down plugin 'INNODB_SYS_TABLES'
2014-11-17 20:31:00 16604 [Note] Shutting down plugin 'INNODB_FT_INDEX_TABLE'
2014-11-17 20:31:00 16604 [Note] Shutting down plugin 'INNODB_FT_INDEX_CACHE'
2014-11-17 20:31:00 16604 [Note] Shutting down plugin 'INNODB_FT_CONFIG'
2014-11-17 20:31:00 16604 [Note] Shutting down plugin 'INNODB_FT_BEING_DELETED'
2014-11-17 20:31:00 16604 [Note] Shutting down plugin 'INNODB_FT_DELETED'
2014-11-17 20:31:00 16604 [Note] Shutting down plugin 'INNODB_FT_DEFAULT_STOPWORD'
2014-11-17 20:31:00 16604 [Note] Shutting down plugin 'INNODB_METRICS'
2014-11-17 20:31:00 16604 [Note] Shutting down plugin 'INNODB_BUFFER_POOL_STATS'
2014-11-17 20:31:00 16604 [Note] Shutting down plugin 'INNODB_BUFFER_PAGE_LRU'
2014-11-17 20:31:00 16604 [Note] Shutting down plugin 'INNODB_BUFFER_PAGE'
2014-11-17 20:31:00 16604 [Note] Shutting down plugin 'INNODB_CMP_PER_INDEX_RESET'
2014-11-17 20:31:00 16604 [Note] Shutting down plugin 'INNODB_CMP_PER_INDEX'
2014-11-17 20:31:00 16604 [Note] Shutting down plugin 'INNODB_CMPMEM_RESET'
2014-11-17 20:31:00 16604 [Note] Shutting down plugin 'INNODB_CMPMEM'
2014-11-17 20:31:00 16604 [Note] Shutting down plugin 'INNODB_CMP_RESET'
2014-11-17 20:31:00 16604 [Note] Shutting down plugin 'INNODB_CMP'
2014-11-17 20:31:00 16604 [Note] Shutting down plugin 'INNODB_LOCK_WAITS'
2014-11-17 20:31:00 16604 [Note] Shutting down plugin 'INNODB_LOCKS'
2014-11-17 20:31:00 16604 [Note] Shutting down plugin 'INNODB_TRX'
2014-11-17 20:31:00 16604 [Note] Shutting down plugin 'InnoDB'
2014-11-17 20:31:00 16604 [Note] InnoDB: FTS optimize thread exiting.
2014-11-17 20:31:00 16604 [Note] InnoDB: Starting shutdown...
2014-11-17 20:31:01 16604 [Note] InnoDB: Shutdown completed; log sequence number 1626017
2014-11-17 20:31:01 16604 [Note] Shutting down plugin 'BLACKHOLE'
2014-11-17 20:31:01 16604 [Note] Shutting down plugin 'ARCHIVE'
2014-11-17 20:31:01 16604 [Note] Shutting down plugin 'MRG_MYISAM'
2014-11-17 20:31:01 16604 [Note] Shutting down plugin 'MyISAM'
2014-11-17 20:31:01 16604 [Note] Shutting down plugin 'MEMORY'
2014-11-17 20:31:01 16604 [Note] Shutting down plugin 'CSV'
2014-11-17 20:31:01 16604 [Note] Shutting down plugin 'sha256_password'
2014-11-17 20:31:01 16604 [Note] Shutting down plugin 'mysql_old_password'
2014-11-17 20:31:01 16604 [Note] Shutting down plugin 'mysql_native_password'
2014-11-17 20:31:01 16604 [Note] Shutting down plugin 'binlog'
2014-11-17 20:31:01 16604 [Note] wampmysqld64: Shutdown complete

2014-11-24 19:03:10 27780 [Note] Plugin 'FEDERATED' is disabled.
2014-11-24 19:03:10 27780 [Note] InnoDB: Using atomics to ref count buffer pool pages
2014-11-24 19:03:10 27780 [Note] InnoDB: The InnoDB memory heap is disabled
2014-11-24 19:03:10 27780 [Note] InnoDB: Mutexes and rw_locks use Windows interlocked functions
2014-11-24 19:03:10 27780 [Note] InnoDB: Compressed tables use zlib 1.2.3
2014-11-24 19:03:10 27780 [Note] InnoDB: Not using CPU crc32 instructions
2014-11-24 19:03:10 27780 [Note] InnoDB: Initializing buffer pool, size = 128.0M
2014-11-24 19:03:10 27780 [Note] InnoDB: Completed initialization of buffer pool
2014-11-24 19:03:10 27780 [Note] InnoDB: Highest supported file format is Barracuda.
2014-11-24 19:03:11 27780 [Note] InnoDB: 128 rollback segment(s) are active.
2014-11-24 19:03:11 27780 [Note] InnoDB: Waiting for purge to start
2014-11-24 19:03:11 27780 [Note] InnoDB: 5.6.17 started; log sequence number 1626017
2014-11-24 19:03:11 27780 [Note] Server hostname (bind-address): '*'; port: 3306
2014-11-24 19:03:11 27780 [Note] IPv6 is available.
2014-11-24 19:03:11 27780 [Note]   - '::' resolves to '::';
2014-11-24 19:03:11 27780 [Note] Server socket created on IP: '::'.
2014-11-24 19:03:13 27780 [Note] Event Scheduler: Loaded 0 events
2014-11-24 19:03:13 27780 [Note] wampmysqld64: ready for connections.
Version: '5.6.17'  socket: ''  port: 3306  MySQL Community Server (GPL)
2014-11-24 19:17:09 27780 [Note] wampmysqld64: Normal shutdown

2014-11-24 19:17:09 27780 [Note] Giving 0 client threads a chance to die gracefully
2014-11-24 19:17:09 27780 [Note] Event Scheduler: Purging the queue. 0 events
2014-11-24 19:17:09 27780 [Note] Shutting down slave threads
2014-11-24 19:17:09 27780 [Note] Forcefully disconnecting 0 remaining clients
2014-11-24 19:17:09 27780 [Note] Binlog end
2014-11-24 19:17:09 27780 [Note] Shutting down plugin 'partition'
2014-11-24 19:17:09 27780 [Note] Shutting down plugin 'PERFORMANCE_SCHEMA'
2014-11-24 19:17:09 27780 [Note] Shutting down plugin 'INNODB_SYS_DATAFILES'
2014-11-24 19:17:09 27780 [Note] Shutting down plugin 'INNODB_SYS_TABLESPACES'
2014-11-24 19:17:09 27780 [Note] Shutting down plugin 'INNODB_SYS_FOREIGN_COLS'
2014-11-24 19:17:09 27780 [Note] Shutting down plugin 'INNODB_SYS_FOREIGN'
2014-11-24 19:17:09 27780 [Note] Shutting down plugin 'INNODB_SYS_FIELDS'
2014-11-24 19:17:09 27780 [Note] Shutting down plugin 'INNODB_SYS_COLUMNS'
2014-11-24 19:17:09 27780 [Note] Shutting down plugin 'INNODB_SYS_INDEXES'
2014-11-24 19:17:09 27780 [Note] Shutting down plugin 'INNODB_SYS_TABLESTATS'
2014-11-24 19:17:09 27780 [Note] Shutting down plugin 'INNODB_SYS_TABLES'
2014-11-24 19:17:09 27780 [Note] Shutting down plugin 'INNODB_FT_INDEX_TABLE'
2014-11-24 19:17:09 27780 [Note] Shutting down plugin 'INNODB_FT_INDEX_CACHE'
2014-11-24 19:17:09 27780 [Note] Shutting down plugin 'INNODB_FT_CONFIG'
2014-11-24 19:17:09 27780 [Note] Shutting down plugin 'INNODB_FT_BEING_DELETED'
2014-11-24 19:17:09 27780 [Note] Shutting down plugin 'INNODB_FT_DELETED'
2014-11-24 19:17:09 27780 [Note] Shutting down plugin 'INNODB_FT_DEFAULT_STOPWORD'
2014-11-24 19:17:09 27780 [Note] Shutting down plugin 'INNODB_METRICS'
2014-11-24 19:17:09 27780 [Note] Shutting down plugin 'INNODB_BUFFER_POOL_STATS'
2014-11-24 19:17:09 27780 [Note] Shutting down plugin 'INNODB_BUFFER_PAGE_LRU'
2014-11-24 19:17:09 27780 [Note] Shutting down plugin 'INNODB_BUFFER_PAGE'
2014-11-24 19:17:09 27780 [Note] Shutting down plugin 'INNODB_CMP_PER_INDEX_RESET'
2014-11-24 19:17:09 27780 [Note] Shutting down plugin 'INNODB_CMP_PER_INDEX'
2014-11-24 19:17:09 27780 [Note] Shutting down plugin 'INNODB_CMPMEM_RESET'
2014-11-24 19:17:09 27780 [Note] Shutting down plugin 'INNODB_CMPMEM'
2014-11-24 19:17:09 27780 [Note] Shutting down plugin 'INNODB_CMP_RESET'
2014-11-24 19:17:09 27780 [Note] Shutting down plugin 'INNODB_CMP'
2014-11-24 19:17:09 27780 [Note] Shutting down plugin 'INNODB_LOCK_WAITS'
2014-11-24 19:17:09 27780 [Note] Shutting down plugin 'INNODB_LOCKS'
2014-11-24 19:17:09 27780 [Note] Shutting down plugin 'INNODB_TRX'
2014-11-24 19:17:09 27780 [Note] Shutting down plugin 'InnoDB'
2014-11-24 19:17:09 27780 [Note] InnoDB: FTS optimize thread exiting.
2014-11-24 19:17:09 27780 [Note] InnoDB: Starting shutdown...
2014-11-24 19:17:10 27780 [Note] InnoDB: Shutdown completed; log sequence number 1626027
2014-11-24 19:17:10 27780 [Note] Shutting down plugin 'BLACKHOLE'
2014-11-24 19:17:10 27780 [Note] Shutting down plugin 'ARCHIVE'
2014-11-24 19:17:10 27780 [Note] Shutting down plugin 'MRG_MYISAM'
2014-11-24 19:17:10 27780 [Note] Shutting down plugin 'MyISAM'
2014-11-24 19:17:10 27780 [Note] Shutting down plugin 'MEMORY'
2014-11-24 19:17:10 27780 [Note] Shutting down plugin 'CSV'
2014-11-24 19:17:10 27780 [Note] Shutting down plugin 'sha256_password'
2014-11-24 19:17:10 27780 [Note] Shutting down plugin 'mysql_old_password'
2014-11-24 19:17:10 27780 [Note] Shutting down plugin 'mysql_native_password'
2014-11-24 19:17:10 27780 [Note] Shutting down plugin 'binlog'
2014-11-24 19:17:10 27780 [Note] wampmysqld64: Shutdown complete

2014-12-06 16:54:06 28268 [Note] Plugin 'FEDERATED' is disabled.
2014-12-06 16:54:06 28268 [Note] InnoDB: Using atomics to ref count buffer pool pages
2014-12-06 16:54:06 28268 [Note] InnoDB: The InnoDB memory heap is disabled
2014-12-06 16:54:06 28268 [Note] InnoDB: Mutexes and rw_locks use Windows interlocked functions
2014-12-06 16:54:06 28268 [Note] InnoDB: Compressed tables use zlib 1.2.3
2014-12-06 16:54:06 28268 [Note] InnoDB: Not using CPU crc32 instructions
2014-12-06 16:54:06 28268 [Note] InnoDB: Initializing buffer pool, size = 128.0M
2014-12-06 16:54:06 28268 [Note] InnoDB: Completed initialization of buffer pool
2014-12-06 16:54:07 28268 [Note] InnoDB: Highest supported file format is Barracuda.
2014-12-06 16:54:07 28268 [Note] InnoDB: 128 rollback segment(s) are active.
2014-12-06 16:54:07 28268 [Note] InnoDB: Waiting for purge to start
2014-12-06 16:54:07 28268 [Note] InnoDB: 5.6.17 started; log sequence number 1626027
2014-12-06 16:54:07 28268 [Note] Server hostname (bind-address): '*'; port: 3306
2014-12-06 16:54:07 28268 [Note] IPv6 is available.
2014-12-06 16:54:07 28268 [Note]   - '::' resolves to '::';
2014-12-06 16:54:07 28268 [Note] Server socket created on IP: '::'.
2014-12-06 16:54:08 28268 [Note] Event Scheduler: Loaded 0 events
2014-12-06 16:54:08 28268 [Note] wampmysqld64: ready for connections.
Version: '5.6.17'  socket: ''  port: 3306  MySQL Community Server (GPL)
2014-12-07 00:19:34 28268 [Note] wampmysqld64: Normal shutdown

2014-12-07 00:19:34 28268 [Note] Giving 0 client threads a chance to die gracefully
2014-12-07 00:19:34 28268 [Note] Event Scheduler: Purging the queue. 0 events
2014-12-07 00:19:34 28268 [Note] Shutting down slave threads
2014-12-07 00:19:34 28268 [Note] Forcefully disconnecting 0 remaining clients
2014-12-07 00:19:34 28268 [Note] Binlog end
2014-12-07 00:19:34 28268 [Note] Shutting down plugin 'partition'
2014-12-07 00:19:34 28268 [Note] Shutting down plugin 'PERFORMANCE_SCHEMA'
2014-12-07 00:19:34 28268 [Note] Shutting down plugin 'INNODB_SYS_DATAFILES'
2014-12-07 00:19:34 28268 [Note] Shutting down plugin 'INNODB_SYS_TABLESPACES'
2014-12-07 00:19:34 28268 [Note] Shutting down plugin 'INNODB_SYS_FOREIGN_COLS'
2014-12-07 00:19:34 28268 [Note] Shutting down plugin 'INNODB_SYS_FOREIGN'
2014-12-07 00:19:34 28268 [Note] Shutting down plugin 'INNODB_SYS_FIELDS'
2014-12-07 00:19:34 28268 [Note] Shutting down plugin 'INNODB_SYS_COLUMNS'
2014-12-07 00:19:34 28268 [Note] Shutting down plugin 'INNODB_SYS_INDEXES'
2014-12-07 00:19:34 28268 [Note] Shutting down plugin 'INNODB_SYS_TABLESTATS'
2014-12-07 00:19:34 28268 [Note] Shutting down plugin 'INNODB_SYS_TABLES'
2014-12-07 00:19:34 28268 [Note] Shutting down plugin 'INNODB_FT_INDEX_TABLE'
2014-12-07 00:19:34 28268 [Note] Shutting down plugin 'INNODB_FT_INDEX_CACHE'
2014-12-07 00:19:34 28268 [Note] Shutting down plugin 'INNODB_FT_CONFIG'
2014-12-07 00:19:34 28268 [Note] Shutting down plugin 'INNODB_FT_BEING_DELETED'
2014-12-07 00:19:34 28268 [Note] Shutting down plugin 'INNODB_FT_DELETED'
2014-12-07 00:19:34 28268 [Note] Shutting down plugin 'INNODB_FT_DEFAULT_STOPWORD'
2014-12-07 00:19:34 28268 [Note] Shutting down plugin 'INNODB_METRICS'
2014-12-07 00:19:34 28268 [Note] Shutting down plugin 'INNODB_BUFFER_POOL_STATS'
2014-12-07 00:19:34 28268 [Note] Shutting down plugin 'INNODB_BUFFER_PAGE_LRU'
2014-12-07 00:19:34 28268 [Note] Shutting down plugin 'INNODB_BUFFER_PAGE'
2014-12-07 00:19:34 28268 [Note] Shutting down plugin 'INNODB_CMP_PER_INDEX_RESET'
2014-12-07 00:19:34 28268 [Note] Shutting down plugin 'INNODB_CMP_PER_INDEX'
2014-12-07 00:19:34 28268 [Note] Shutting down plugin 'INNODB_CMPMEM_RESET'
2014-12-07 00:19:34 28268 [Note] Shutting down plugin 'INNODB_CMPMEM'
2014-12-07 00:19:34 28268 [Note] Shutting down plugin 'INNODB_CMP_RESET'
2014-12-07 00:19:34 28268 [Note] Shutting down plugin 'INNODB_CMP'
2014-12-07 00:19:34 28268 [Note] Shutting down plugin 'INNODB_LOCK_WAITS'
2014-12-07 00:19:34 28268 [Note] Shutting down plugin 'INNODB_LOCKS'
2014-12-07 00:19:34 28268 [Note] Shutting down plugin 'INNODB_TRX'
2014-12-07 00:19:34 28268 [Note] Shutting down plugin 'InnoDB'
2014-12-07 00:19:34 28268 [Note] InnoDB: FTS optimize thread exiting.
2014-12-07 00:19:34 28268 [Note] InnoDB: Starting shutdown...
2014-12-07 00:19:35 28268 [Note] InnoDB: Shutdown completed; log sequence number 1626037
2014-12-07 00:19:35 28268 [Note] Shutting down plugin 'BLACKHOLE'
2014-12-07 00:19:35 28268 [Note] Shutting down plugin 'ARCHIVE'
2014-12-07 00:19:35 28268 [Note] Shutting down plugin 'MRG_MYISAM'
2014-12-07 00:19:35 28268 [Note] Shutting down plugin 'MyISAM'
2014-12-07 00:19:35 28268 [Note] Shutting down plugin 'MEMORY'
2014-12-07 00:19:35 28268 [Note] Shutting down plugin 'CSV'
2014-12-07 00:19:35 28268 [Note] Shutting down plugin 'sha256_password'
2014-12-07 00:19:35 28268 [Note] Shutting down plugin 'mysql_old_password'
2014-12-07 00:19:35 28268 [Note] Shutting down plugin 'mysql_native_password'
2014-12-07 00:19:35 28268 [Note] Shutting down plugin 'binlog'
2014-12-07 00:19:35 28268 [Note] wampmysqld64: Shutdown complete

2014-12-09 21:54:22 37196 [Note] Plugin 'FEDERATED' is disabled.
2014-12-09 21:54:22 37196 [Note] InnoDB: Using atomics to ref count buffer pool pages
2014-12-09 21:54:22 37196 [Note] InnoDB: The InnoDB memory heap is disabled
2014-12-09 21:54:22 37196 [Note] InnoDB: Mutexes and rw_locks use Windows interlocked functions
2014-12-09 21:54:22 37196 [Note] InnoDB: Compressed tables use zlib 1.2.3
2014-12-09 21:54:22 37196 [Note] InnoDB: Not using CPU crc32 instructions
2014-12-09 21:54:22 37196 [Note] InnoDB: Initializing buffer pool, size = 128.0M
2014-12-09 21:54:22 37196 [Note] InnoDB: Completed initialization of buffer pool
2014-12-09 21:54:23 37196 [Note] InnoDB: Highest supported file format is Barracuda.
2014-12-09 21:54:23 37196 [Note] InnoDB: 128 rollback segment(s) are active.
2014-12-09 21:54:23 37196 [Note] InnoDB: Waiting for purge to start
2014-12-09 21:54:23 37196 [Note] InnoDB: 5.6.17 started; log sequence number 1626037
2014-12-09 21:54:23 37196 [Note] Server hostname (bind-address): '*'; port: 3306
2014-12-09 21:54:23 37196 [Note] IPv6 is available.
2014-12-09 21:54:23 37196 [Note]   - '::' resolves to '::';
2014-12-09 21:54:23 37196 [Note] Server socket created on IP: '::'.
2014-12-09 21:54:24 37196 [Note] Event Scheduler: Loaded 0 events
2014-12-09 21:54:24 37196 [Note] wampmysqld64: ready for connections.
Version: '5.6.17'  socket: ''  port: 3306  MySQL Community Server (GPL)
