::1 - - [05/Nov/2014:21:44:56 -0500] "GET / HTTP/1.1" 200 4868
::1 - - [05/Nov/2014:21:44:56 -0500] "GET /index.php?img=gifLogo HTTP/1.1" 200 4549
::1 - - [05/Nov/2014:21:44:56 -0500] "GET /index.php?img=pngPlugin HTTP/1.1" 200 548
::1 - - [05/Nov/2014:21:44:56 -0500] "GET /index.php?img=pngWrench HTTP/1.1" 200 741
::1 - - [05/Nov/2014:21:44:56 -0500] "GET /index.php?img=pngFolderGo HTTP/1.1" 200 694
::1 - - [05/Nov/2014:21:44:56 -0500] "GET /index.php?img=favicon HTTP/1.1" 200 1429
::1 - - [05/Nov/2014:21:53:33 -0500] "HEAD / HTTP/1.1" 200 -
::1 - - [05/Nov/2014:21:53:33 -0500] "HEAD / HTTP/1.1" 200 -
::1 - - [09/Nov/2014:21:38:12 -0500] "GET /favicon.ico HTTP/1.1" 200 202575
::1 - - [10/Nov/2014:01:24:19 -0500] "HEAD / HTTP/1.1" 200 -
::1 - - [10/Nov/2014:01:24:19 -0500] "HEAD / HTTP/1.1" 200 -
::1 - - [10/Nov/2014:01:24:19 -0500] "HEAD / HTTP/1.1" 200 -
::1 - - [10/Nov/2014:03:39:28 -0500] "HEAD / HTTP/1.1" 200 -
::1 - - [10/Nov/2014:03:39:28 -0500] "HEAD / HTTP/1.1" 200 -
::1 - - [10/Nov/2014:03:39:28 -0500] "HEAD / HTTP/1.1" 200 -
::1 - - [10/Nov/2014:17:49:01 -0500] "HEAD / HTTP/1.1" 200 -
::1 - - [10/Nov/2014:17:49:01 -0500] "HEAD / HTTP/1.1" 200 -
::1 - - [10/Nov/2014:17:49:00 -0500] "HEAD / HTTP/1.1" 200 -
::1 - - [10/Nov/2014:18:32:32 -0500] "HEAD / HTTP/1.1" 200 -
::1 - - [10/Nov/2014:18:32:32 -0500] "HEAD / HTTP/1.1" 200 -
::1 - - [10/Nov/2014:18:32:32 -0500] "HEAD / HTTP/1.1" 200 -
::1 - - [10/Nov/2014:19:21:11 -0500] "HEAD / HTTP/1.1" 200 -
::1 - - [10/Nov/2014:19:21:11 -0500] "HEAD / HTTP/1.1" 200 -
::1 - - [10/Nov/2014:20:32:22 -0500] "HEAD / HTTP/1.1" 200 -
::1 - - [10/Nov/2014:20:32:22 -0500] "HEAD / HTTP/1.1" 200 -
::1 - - [11/Nov/2014:19:20:59 -0500] "HEAD / HTTP/1.1" 200 -
::1 - - [11/Nov/2014:19:20:59 -0500] "HEAD / HTTP/1.1" 200 -
::1 - - [11/Nov/2014:19:20:59 -0500] "HEAD / HTTP/1.1" 200 -
::1 - - [11/Nov/2014:19:22:38 -0500] "HEAD / HTTP/1.1" 200 -
::1 - - [11/Nov/2014:19:22:38 -0500] "HEAD / HTTP/1.1" 200 -
::1 - - [11/Nov/2014:23:09:18 -0500] "HEAD / HTTP/1.1" 200 -
::1 - - [11/Nov/2014:23:09:18 -0500] "HEAD / HTTP/1.1" 200 -
::1 - - [11/Nov/2014:23:09:18 -0500] "HEAD / HTTP/1.1" 200 -
::1 - - [12/Nov/2014:17:24:49 -0500] "HEAD / HTTP/1.1" 200 -
::1 - - [12/Nov/2014:17:24:49 -0500] "HEAD / HTTP/1.1" 200 -
::1 - - [16/Nov/2014:15:57:33 -0500] "GET / HTTP/1.1" 200 4868
::1 - - [16/Nov/2014:15:57:33 -0500] "GET /index.php?img=gifLogo HTTP/1.1" 200 4549
::1 - - [16/Nov/2014:15:57:33 -0500] "GET /index.php?img=pngWrench HTTP/1.1" 200 741
::1 - - [16/Nov/2014:15:57:33 -0500] "GET /index.php?img=pngPlugin HTTP/1.1" 200 548
::1 - - [16/Nov/2014:15:57:33 -0500] "GET /index.php?img=pngFolderGo HTTP/1.1" 200 694
::1 - - [16/Nov/2014:15:57:33 -0500] "GET /index.php?img=favicon HTTP/1.1" 200 1429
127.0.0.1 - - [16/Nov/2014:15:57:57 -0500] "GET / HTTP/1.1" 200 4868
127.0.0.1 - - [16/Nov/2014:15:57:57 -0500] "GET /index.php?img=gifLogo HTTP/1.1" 200 4549
127.0.0.1 - - [16/Nov/2014:15:57:57 -0500] "GET /index.php?img=pngWrench HTTP/1.1" 200 741
127.0.0.1 - - [16/Nov/2014:15:57:57 -0500] "GET /index.php?img=pngPlugin HTTP/1.1" 200 548
127.0.0.1 - - [16/Nov/2014:15:57:57 -0500] "GET /index.php?img=pngFolderGo HTTP/1.1" 200 694
127.0.0.1 - - [16/Nov/2014:15:57:57 -0500] "GET /index.php?img=favicon HTTP/1.1" 200 1429
::1 - - [16/Nov/2014:15:58:08 -0500] "GET /?phpinfo=1 HTTP/1.1" 200 101485
::1 - - [16/Nov/2014:15:58:08 -0500] "GET /favicon.ico HTTP/1.1" 200 202575
::1 - - [16/Nov/2014:16:18:48 -0500] "GET /index.php HTTP/1.1" 200 4868
::1 - - [16/Nov/2014:16:18:48 -0500] "GET /index.php?img=pngPlugin HTTP/1.1" 200 548
::1 - - [16/Nov/2014:16:18:48 -0500] "GET /index.php?img=gifLogo HTTP/1.1" 200 4549
::1 - - [16/Nov/2014:16:18:48 -0500] "GET /index.php?img=pngFolderGo HTTP/1.1" 200 694
::1 - - [16/Nov/2014:16:18:48 -0500] "GET /index.php?img=pngWrench HTTP/1.1" 200 741
::1 - - [16/Nov/2014:16:18:58 -0500] "GET /testmysql.php HTTP/1.1" 200 4193
::1 - - [16/Nov/2014:16:19:51 -0500] "GET /testmysql.php HTTP/1.1" 200 4193
::1 - - [16/Nov/2014:16:22:19 -0500] "GET /testmysql.php HTTP/1.1" 200 4193
::1 - - [16/Nov/2014:22:51:56 -0500] "HEAD / HTTP/1.1" 200 -
::1 - - [16/Nov/2014:22:51:56 -0500] "HEAD / HTTP/1.1" 200 -
::1 - - [16/Nov/2014:23:17:16 -0500] "HEAD / HTTP/1.1" 200 -
::1 - - [17/Nov/2014:00:03:20 -0500] "HEAD / HTTP/1.1" 200 -
::1 - - [17/Nov/2014:00:03:20 -0500] "HEAD / HTTP/1.1" 200 -
::1 - - [17/Nov/2014:00:03:20 -0500] "HEAD / HTTP/1.1" 200 -
::1 - - [17/Nov/2014:18:52:45 -0500] "HEAD / HTTP/1.1" 200 -
::1 - - [17/Nov/2014:18:52:45 -0500] "HEAD / HTTP/1.1" 200 -
::1 - - [17/Nov/2014:18:52:45 -0500] "HEAD / HTTP/1.1" 200 -
::1 - - [24/Nov/2014:19:04:00 -0500] "GET /phpmyadmin/themes/pmahomme/jquery/jquery-ui-1.9.2.custom.css HTTP/1.1" 200 32278
::1 - - [24/Nov/2014:19:03:56 -0500] "GET /phpmyadmin/ HTTP/1.1" 200 47568
::1 - - [24/Nov/2014:19:04:00 -0500] "GET /phpmyadmin/themes/pmahomme/img/logo_left.png HTTP/1.1" 200 2327
::1 - - [24/Nov/2014:19:04:00 -0500] "GET /phpmyadmin/themes/dot.gif HTTP/1.1" 200 43
::1 - - [24/Nov/2014:19:04:00 -0500] "GET /phpmyadmin/themes/pmahomme/img/ajax_clock_small.gif HTTP/1.1" 200 1810
::1 - - [24/Nov/2014:19:04:00 -0500] "GET /phpmyadmin/phpmyadmin.css.php?server=1&lang=en&collation_connection=utf8mb4_general_ci&token=26491c4ba348ec05e5b7ca733355db5e&nocache=5630020796ltr HTTP/1.1" 200 93053
::1 - - [24/Nov/2014:19:04:00 -0500] "GET /phpmyadmin/js/get_image.js.php?theme=pmahomme HTTP/1.1" 200 6388
::1 - - [24/Nov/2014:19:04:00 -0500] "GET /phpmyadmin/js/messages.php?lang=en&db=&collation_connection=utf8mb4_general_ci&token=26491c4ba348ec05e5b7ca733355db5e HTTP/1.1" 200 17755
::1 - - [24/Nov/2014:19:04:00 -0500] "GET /phpmyadmin/js/get_scripts.js.php?lang=en&collation_connection=utf8mb4_general_ci&token=26491c4ba348ec05e5b7ca733355db5e&scripts[]=jquery/jquery-1.8.3.min.js&scripts[]=ajax.js&scripts[]=keyhandler.js&scripts[]=jquery/jquery-ui-1.9.2.custom.min.js&scripts[]=jquery/jquery.sprintf.js&scripts[]=jquery/jquery.cookie.js&scripts[]=jquery/jquery.mousewheel.js&scripts[]=jquery/jquery.event.drag-2.2.js&scripts[]=jquery/jquery-ui-timepicker-addon.js&scripts[]=jquery/jquery.ba-hashchange-1.3.js&scripts[]=jquery/jquery.debounce-1.0.5.js&scripts[]=jquery/jquery.menuResizer-1.0.js&scripts[]=cross_framing_protection.js&scripts[]=rte.js&scripts[]=tracekit/tracekit.js&scripts[]=error_report.js&scripts[]=doclinks.js&scripts[]=functions.js&scripts[]=navigation.js&scripts[]=indexes.js&scripts[]=common.js&scripts[]=codemirror/lib/codemirror.js&scripts[]=codemirror/mode/sql/sql.js&scripts[]=codemirror/addon/runmode/runmode.js HTTP/1.1" 200 1039434
::1 - - [24/Nov/2014:19:04:01 -0500] "GET /phpmyadmin/themes/pmahomme/img/left_nav_bg.png HTTP/1.1" 200 297
::1 - - [24/Nov/2014:19:04:01 -0500] "GET /phpmyadmin/themes/pmahomme/img/sprites.png HTTP/1.1" 200 41626
::1 - - [24/Nov/2014:19:04:01 -0500] "GET /phpmyadmin/favicon.ico HTTP/1.1" 200 18902
::1 - - [24/Nov/2014:19:04:01 -0500] "GET /phpmyadmin/version_check.php?&_nocache=1416873841749534482 HTTP/1.1" 200 40
::1 - - [24/Nov/2014:19:04:17 -0500] "GET /phpmyadmin/server_databases.php?db=&lang=en&collation_connection=utf8mb4_general_ci&token=26491c4ba348ec05e5b7ca733355db5e&ajax_request=true&ajax_page_request=true&menuHashes=dc877158&_nocache=1416873857957416123 HTTP/1.1" 200 36397
::1 - - [24/Nov/2014:19:04:18 -0500] "GET /phpmyadmin/themes/pmahomme/img/arrow_ltr.png HTTP/1.1" 200 139
::1 - - [24/Nov/2014:19:04:18 -0500] "GET /phpmyadmin/js/get_scripts.js.php?scripts[]=server_databases.js&token=26491c4ba348ec05e5b7ca733355db5e&call_done=1 HTTP/1.1" 200 4719
::1 - - [24/Nov/2014:19:04:26 -0500] "GET /phpmyadmin/db_structure.php?token=26491c4ba348ec05e5b7ca733355db5e&db=information_schema&ajax_request=true&ajax_page_request=true&menuHashes=dc877158-95e3a5c5&_nocache=1416873866529954313 HTTP/1.1" 200 86243
::1 - - [24/Nov/2014:19:04:27 -0500] "GET /phpmyadmin/js/get_scripts.js.php?scripts[]=db_structure.js&scripts[]=tbl_change.js&token=26491c4ba348ec05e5b7ca733355db5e&call_done=1 HTTP/1.1" 200 36139
::1 - - [24/Nov/2014:19:04:27 -0500] "GET /phpmyadmin/navigation.php?ajax_request=1&lang=en&collation_connection=utf8mb4_general_ci&token=26491c4ba348ec05e5b7ca733355db5e&aPath=cm9vdA%3D%3D.aW5mb3JtYXRpb25fc2NoZW1h&vPath=cm9vdA%3D%3D.aW5mb3JtYXRpb25fc2NoZW1h&pos=0&pos2_name=&pos2_value=&searchClause=&searchClause2=&_nocache=141687386791738584 HTTP/1.1" 200 33032
::1 - - [24/Nov/2014:19:04:31 -0500] "GET /phpmyadmin/sql.php?db=information_schema&token=26491c4ba348ec05e5b7ca733355db5e&goto=db_structure.php&table=CHARACTER_SETS&pos=0&ajax_request=true&ajax_page_request=true&menuHashes=dc877158-95e3a5c5-19bc0a4b&_nocache=1416873871655132787 HTTP/1.1" 200 44345
::1 - - [24/Nov/2014:19:04:32 -0500] "GET /phpmyadmin/js/get_scripts.js.php?scripts[]=gis_data_editor.js&scripts[]=makegrid.js&scripts[]=sql.js&token=26491c4ba348ec05e5b7ca733355db5e&call_done=1 HTTP/1.1" 200 114506
::1 - - [24/Nov/2014:19:04:32 -0500] "GET /phpmyadmin/themes/pmahomme/img/col_pointer.png HTTP/1.1" 200 113
::1 - - [24/Nov/2014:19:04:32 -0500] "GET /phpmyadmin/index.php?ajax_request=1&recent_table=1&token=26491c4ba348ec05e5b7ca733355db5e HTTP/1.1" 200 248
::1 - - [24/Nov/2014:19:04:46 -0500] "GET /phpmyadmin/db_structure.php?token=26491c4ba348ec05e5b7ca733355db5e&db=mysql&ajax_request=true&ajax_page_request=true&menuHashes=dc877158-95e3a5c5-19bc0a4b-8669e78e&_nocache=1416873886479344140 HTTP/1.1" 200 88427
::1 - - [24/Nov/2014:19:04:46 -0500] "GET /phpmyadmin/navigation.php?ajax_request=1&lang=en&collation_connection=utf8mb4_general_ci&token=26491c4ba348ec05e5b7ca733355db5e&aPath=cm9vdA%3D%3D.bXlzcWw%3D&vPath=cm9vdA%3D%3D.bXlzcWw%3D&pos=0&pos2_name=&pos2_value=&searchClause=&searchClause2=&_nocache=1416873886798408005 HTTP/1.1" 200 24478
::1 - - [24/Nov/2014:19:04:59 -0500] "GET /phpmyadmin/sql.php?db=mysql&token=26491c4ba348ec05e5b7ca733355db5e&goto=db_structure.php&table=help_topic&pos=0&ajax_request=true&ajax_page_request=true&menuHashes=dc877158-95e3a5c5-19bc0a4b-8669e78e-e5356a94&_nocache=1416873899952566948 HTTP/1.1" 200 98388
::1 - - [24/Nov/2014:19:05:00 -0500] "GET /phpmyadmin/themes/pmahomme/img/s_fulltext.png HTTP/1.1" 200 193
::1 - - [24/Nov/2014:19:05:00 -0500] "GET /phpmyadmin/index.php?ajax_request=1&recent_table=1&token=26491c4ba348ec05e5b7ca733355db5e HTTP/1.1" 200 372
::1 - - [24/Nov/2014:19:05:00 -0500] "GET /phpmyadmin/themes/pmahomme/img/col_drop.png HTTP/1.1" 200 132
::1 - - [24/Nov/2014:19:05:10 -0500] "GET /phpmyadmin/index.php?token=26491c4ba348ec05e5b7ca733355db5e&ajax_request=true&ajax_page_request=true&menuHashes=dc877158-95e3a5c5-19bc0a4b-8669e78e-e5356a94-de790b10&_nocache=1416873910275295309 HTTP/1.1" 200 38584
::1 - - [24/Nov/2014:19:05:10 -0500] "GET /phpmyadmin/version_check.php?&_nocache=1416873910448304984 HTTP/1.1" 200 40
::1 - - [24/Nov/2014:19:05:12 -0500] "GET /phpmyadmin/server_sql.php?db=&token=26491c4ba348ec05e5b7ca733355db5e&ajax_request=true&ajax_page_request=true&menuHashes=dc877158-95e3a5c5-19bc0a4b-8669e78e-e5356a94-de790b10-b98b4840&_nocache=1416873912913934678 HTTP/1.1" 200 6739
::1 - - [24/Nov/2014:19:05:18 -0500] "GET /phpmyadmin/server_databases.php?db=&token=26491c4ba348ec05e5b7ca733355db5e&ajax_request=true&ajax_page_request=true&menuHashes=95e3a5c5-19bc0a4b-8669e78e-e5356a94-de790b10-b98b4840-917f7e82&_nocache=1416873918331440120 HTTP/1.1" 200 33608
::1 - - [24/Nov/2014:19:05:19 -0500] "GET /phpmyadmin/server_sql.php?db=&token=26491c4ba348ec05e5b7ca733355db5e&ajax_request=true&ajax_page_request=true&menuHashes=95e3a5c5-19bc0a4b-8669e78e-e5356a94-de790b10-b98b4840-917f7e82&_nocache=1416873919471376993 HTTP/1.1" 200 3950
::1 - - [24/Nov/2014:19:05:22 -0500] "GET /phpmyadmin/server_databases.php?db=&token=26491c4ba348ec05e5b7ca733355db5e&ajax_request=true&ajax_page_request=true&menuHashes=95e3a5c5-19bc0a4b-8669e78e-e5356a94-de790b10-b98b4840-917f7e82&_nocache=1416873922581744813 HTTP/1.1" 200 33608
::1 - - [24/Nov/2014:19:05:24 -0500] "GET /phpmyadmin/db_structure.php?token=26491c4ba348ec05e5b7ca733355db5e&db=mysql&ajax_request=true&ajax_page_request=true&menuHashes=95e3a5c5-19bc0a4b-8669e78e-e5356a94-de790b10-b98b4840-917f7e82&_nocache=141687392440754997 HTTP/1.1" 200 85367
::1 - - [24/Nov/2014:19:05:26 -0500] "GET /phpmyadmin/db_sql.php?db=mysql&token=26491c4ba348ec05e5b7ca733355db5e&ajax_request=true&ajax_page_request=true&menuHashes=95e3a5c5-19bc0a4b-8669e78e-e5356a94-de790b10-b98b4840-917f7e82&_nocache=141687392602488837 HTTP/1.1" 200 7145
::1 - - [24/Nov/2014:19:05:27 -0500] "GET /phpmyadmin/db_qbe.php?db=mysql&token=26491c4ba348ec05e5b7ca733355db5e&ajax_request=true&ajax_page_request=true&menuHashes=19bc0a4b-8669e78e-e5356a94-de790b10-b98b4840-917f7e82-5432061d&_nocache=1416873927285327807 HTTP/1.1" 200 81813
::1 - - [24/Nov/2014:19:05:31 -0500] "GET /phpmyadmin/db_structure.php?db=mysql&token=26491c4ba348ec05e5b7ca733355db5e&ajax_request=true&ajax_page_request=true&menuHashes=8669e78e-e5356a94-de790b10-b98b4840-917f7e82-5432061d-2f9e840e&_nocache=1416873931363997596 HTTP/1.1" 200 85367
::1 - - [24/Nov/2014:19:05:33 -0500] "GET /phpmyadmin/db_structure.php?db=mysql&token=26491c4ba348ec05e5b7ca733355db5e&ajax_request=true&ajax_page_request=true&menuHashes=8669e78e-e5356a94-de790b10-b98b4840-917f7e82-5432061d-2f9e840e&_nocache=141687393339537219 HTTP/1.1" 200 85367
::1 - - [24/Nov/2014:19:05:34 -0500] "GET /phpmyadmin/index.php?token=26491c4ba348ec05e5b7ca733355db5e&ajax_request=true&ajax_page_request=true&menuHashes=8669e78e-e5356a94-de790b10-b98b4840-917f7e82-5432061d-2f9e840e&_nocache=1416873934929329540 HTTP/1.1" 200 35818
::1 - - [24/Nov/2014:19:05:35 -0500] "GET /phpmyadmin/version_check.php?&_nocache=1416873935062490297 HTTP/1.1" 200 28
::1 - - [24/Nov/2014:19:05:40 -0500] "GET /phpmyadmin/server_databases.php?db=&token=26491c4ba348ec05e5b7ca733355db5e&ajax_request=true&ajax_page_request=true&menuHashes=8669e78e-e5356a94-de790b10-b98b4840-917f7e82-5432061d-2f9e840e&_nocache=1416873940316259907 HTTP/1.1" 200 36397
::1 - - [24/Nov/2014:19:05:43 -0500] "GET /phpmyadmin/url.php?url=http%3A%2F%2Fdev.mysql.com%2Fdoc%2Frefman%2F5.6%2Fen%2Fcreate-database.html&token=26491c4ba348ec05e5b7ca733355db5e HTTP/1.1" 302 -
::1 - - [24/Nov/2014:19:06:05 -0500] "POST /phpmyadmin/db_create.php HTTP/1.1" 200 2150
::1 - - [24/Nov/2014:19:06:05 -0500] "POST /phpmyadmin/navigation.php?ajax_request=1&lang=en&collation_connection=utf8mb4_general_ci&token=26491c4ba348ec05e5b7ca733355db5e HTTP/1.1" 200 62078
::1 - - [24/Nov/2014:19:06:08 -0500] "GET /phpmyadmin/db_structure.php?db=MyNewDataBase&token=26491c4ba348ec05e5b7ca733355db5e&db=MyNewDataBase&ajax_request=true&ajax_page_request=true&menuHashes=e5356a94-de790b10-b98b4840-917f7e82-5432061d-2f9e840e-95e3a5c5&_nocache=1416873968939815790 HTTP/1.1" 200 5734
::1 - - [06/Dec/2014:20:49:00 -0500] "HEAD / HTTP/1.1" 200 -
::1 - - [06/Dec/2014:20:54:20 -0500] "HEAD / HTTP/1.1" 200 -
::1 - - [06/Dec/2014:20:54:20 -0500] "HEAD / HTTP/1.1" 200 -
::1 - - [10/Dec/2014:07:33:33 -0500] "HEAD / HTTP/1.1" 200 -
::1 - - [10/Dec/2014:20:19:54 -0500] "HEAD / HTTP/1.1" 200 -
::1 - - [10/Dec/2014:20:20:34 -0500] "HEAD / HTTP/1.1" 200 -
::1 - - [10/Dec/2014:20:20:34 -0500] "HEAD / HTTP/1.1" 200 -
::1 - - [10/Dec/2014:20:20:34 -0500] "HEAD / HTTP/1.1" 200 -
